d:\appflashcard\appflashcard\x64\debug\vc143.pdb
d:\appflashcard\appflashcard\x64\debug\vc143.idb
d:\appflashcard\appflashcard\x64\debug\appflashcard.obj
d:\appflashcard\appflashcard\x64\debug\canvas_csv_image_test.obj
d:\appflashcard\appflashcard\x64\debug\appflashcard.ilk
d:\appflashcard\appflashcard\x64\debug\test_csv_image_debug.obj
d:\appflashcard\x64\debug\appflashcard.pdb
d:\appflashcard\appflashcard\x64\debug\appflashcard.tlog\cl.command.1.tlog
d:\appflashcard\appflashcard\x64\debug\appflashcard.tlog\cl.items.tlog
d:\appflashcard\appflashcard\x64\debug\appflashcard.tlog\cl.read.1.tlog
d:\appflashcard\appflashcard\x64\debug\appflashcard.tlog\cl.write.1.tlog
d:\appflashcard\appflashcard\x64\debug\appflashcard.tlog\link-cvtres.read.1.tlog
d:\appflashcard\appflashcard\x64\debug\appflashcard.tlog\link-cvtres.write.1.tlog
d:\appflashcard\appflashcard\x64\debug\appflashcard.tlog\link-rc.read.1.tlog
d:\appflashcard\appflashcard\x64\debug\appflashcard.tlog\link-rc.write.1.tlog
d:\appflashcard\appflashcard\x64\debug\appflashcard.tlog\link.14452-cvtres.read.1.tlog
d:\appflashcard\appflashcard\x64\debug\appflashcard.tlog\link.14452-cvtres.write.1.tlog
d:\appflashcard\appflashcard\x64\debug\appflashcard.tlog\link.14452-rc.read.1.tlog
d:\appflashcard\appflashcard\x64\debug\appflashcard.tlog\link.14452-rc.write.1.tlog
d:\appflashcard\appflashcard\x64\debug\appflashcard.tlog\link.14452.read.1.tlog
d:\appflashcard\appflashcard\x64\debug\appflashcard.tlog\link.14452.read.2.tlog
d:\appflashcard\appflashcard\x64\debug\appflashcard.tlog\link.14452.write.1.tlog
d:\appflashcard\appflashcard\x64\debug\appflashcard.tlog\link.command.1.tlog
d:\appflashcard\appflashcard\x64\debug\appflashcard.tlog\link.read.1.tlog
d:\appflashcard\appflashcard\x64\debug\appflashcard.tlog\link.read.2.tlog
d:\appflashcard\appflashcard\x64\debug\appflashcard.tlog\link.secondary.1.tlog
d:\appflashcard\appflashcard\x64\debug\appflashcard.tlog\link.write.1.tlog
